mode: set
github.com/Sinton/my-pnpm-installer/services/package_service.go:116.114,121.2 1 1
github.com/Sinton/my-pnpm-installer/services/package_service.go:143.73,151.16 3 1
github.com/Sinton/my-pnpm-installer/services/package_service.go:151.16,160.3 3 1
github.com/Sinton/my-pnpm-installer/services/package_service.go:163.2,164.16 2 1
github.com/Sinton/my-pnpm-installer/services/package_service.go:164.16,171.3 3 1
github.com/Sinton/my-pnpm-installer/services/package_service.go:172.2,176.16 3 1
github.com/Sinton/my-pnpm-installer/services/package_service.go:176.16,181.3 3 1
github.com/Sinton/my-pnpm-installer/services/package_service.go:184.2,185.16 2 1
github.com/Sinton/my-pnpm-installer/services/package_service.go:185.16,190.3 3 1
github.com/Sinton/my-pnpm-installer/services/package_service.go:191.2,194.33 2 1
github.com/Sinton/my-pnpm-installer/services/package_service.go:194.33,196.3 1 0
github.com/Sinton/my-pnpm-installer/services/package_service.go:196.8,196.90 1 1
github.com/Sinton/my-pnpm-installer/services/package_service.go:196.90,198.3 1 1
github.com/Sinton/my-pnpm-installer/services/package_service.go:198.8,200.3 1 1
github.com/Sinton/my-pnpm-installer/services/package_service.go:202.2,202.13 1 1
github.com/Sinton/my-pnpm-installer/services/package_service.go:228.91,232.12 3 1
github.com/Sinton/my-pnpm-installer/services/package_service.go:232.12,242.17 6 1
github.com/Sinton/my-pnpm-installer/services/package_service.go:242.17,246.4 2 0
github.com/Sinton/my-pnpm-installer/services/package_service.go:248.3,249.17 2 1
github.com/Sinton/my-pnpm-installer/services/package_service.go:249.17,253.4 2 0
github.com/Sinton/my-pnpm-installer/services/package_service.go:256.3,256.37 1 1
github.com/Sinton/my-pnpm-installer/services/package_service.go:256.37,264.4 2 0
github.com/Sinton/my-pnpm-installer/services/package_service.go:267.3,271.13 3 1
github.com/Sinton/my-pnpm-installer/services/package_service.go:271.13,274.23 3 1
github.com/Sinton/my-pnpm-installer/services/package_service.go:274.23,276.5 1 1
github.com/Sinton/my-pnpm-installer/services/package_service.go:280.3,280.13 1 1
github.com/Sinton/my-pnpm-installer/services/package_service.go:280.13,283.23 3 1
github.com/Sinton/my-pnpm-installer/services/package_service.go:283.23,285.5 1 1
github.com/Sinton/my-pnpm-installer/services/package_service.go:288.3,291.36 2 1
github.com/Sinton/my-pnpm-installer/services/package_service.go:291.36,301.4 2 1
github.com/Sinton/my-pnpm-installer/services/package_service.go:303.3,303.93 1 1
github.com/Sinton/my-pnpm-installer/services/package_service.go:306.2,306.25 1 1
github.com/Sinton/my-pnpm-installer/services/package_service.go:325.66,335.2 3 1
